#
# A fatal error has been detected by the Java Runtime Environment:
#
#  EXCEPTION_ACCESS_VIOLATION (0xc0000005) at pc=0x00007ffd478a991e, pid=11840, tid=0x00000000000027e8
#
# JRE version: OpenJDK Runtime Environment (8.0_362-b08) (build 1.8.0_362-b08)
# Java VM: OpenJDK 64-Bit Server VM (25.362-b08 mixed mode windows-amd64 compressed oops)
# Problematic frame:
# C  [atio6axx.dll+0x14a991e]
#
# Failed to write core dump. Minidumps are not enabled by default on client versions of Windows
#
# If you would like to submit a bug report, please visit:
#   https://github.com/corretto/corretto-8/issues/
# The crash happened outside the Java Virtual Machine in native code.
# See problematic frame for where to report the bug.
#

---------------  T H R E A D  ---------------

Current thread (0x00000000005ce800):  JavaThread "Client thread" [_thread_in_native, id=10216, stack(0x0000000002470000,0x0000000002570000)]

siginfo: ExceptionCode=0xc0000005, reading address 0x000000006dea1002

Registers:
RAX=0x0000000000000000, RBX=0x000000001c476e48, RCX=0x0000000000000040, RDX=0x000000006dea0ff8
RSP=0x000000000256d2b8, RBP=0x0000000000000100, RSI=0x0000000031cdbcb0, RDI=0x000000006dea0ff8
R8 =0x0000000000000100, R9 =0x0000000000000100, R10=0x000000001bb660a0, R11=0x00007ffd46400000
R12=0x0000000000000054, R13=0x00007ffd4796d100, R14=0x00007ffd478a9830, R15=0x00007ffd47930690
RIP=0x00007ffd478a991e, EFLAGS=0x0000000000010212

Top of Stack: (sp=0x000000000256d2b8)
0x000000000256d2b8:   00007ffd477dd1b5 000000001c476e48
0x000000000256d2c8:   000000000256d2d4 0000000381c70ed8
0x000000000256d2d8:   0000000000000000 00000000ffffffff
0x000000000256d2e8:   0000000000000000 0000000000000100
0x000000000256d2f8:   0000000031cb0cb0 0000000000000100
0x000000000256d308:   0000000000000400 0000000000000400
0x000000000256d318:   00007ffd477de517 000000000256d5a0
0x000000000256d328:   000000006de75ff8 000000001c476e70
0x000000000256d338:   0000000000000001 00007ffd4796d100
0x000000000256d348:   00007ffd00000100 0000000000000100
0x000000000256d358:   000000006de75ff8 0000000000000400
0x000000000256d368:   0000000000000000 0000000031cb0cb0
0x000000000256d378:   0000000000000400 0000000000000000
0x000000000256d388:   000000000000000d 0000000000000000
0x000000000256d398:   0000000000000004 00000000ffffffff
0x000000000256d3a8:   00007ffd47fa0a5c 000000010000000d 

Instructions: (pc=0x00007ffd478a991e)
0x00007ffd478a98fe:   f2 0f 5e c2 f2 41 0f 11 42 30 0f b6 42 07 66 0f
0x00007ffd478a990e:   6e c8 f3 0f e6 c9 f2 0f 5e ca f2 41 0f 11 4a 38
0x00007ffd478a991e:   0f b6 42 0a 66 0f 6e c0 f3 0f e6 c0 f2 0f 5e c2
0x00007ffd478a992e:   f2 41 0f 11 42 40 0f b6 42 09 66 0f 6e c8 f3 0f 


Register to memory mapping:

RAX=0x0000000000000000 is an unknown value
RBX=0x000000001c476e48 is an unknown value
RCX=0x0000000000000040 is an unknown value
RDX=0x000000006dea0ff8 is an unknown value
RSP=0x000000000256d2b8 is pointing into the stack for thread: 0x00000000005ce800
RBP=0x0000000000000100 is an unknown value
RSI=0x0000000031cdbcb0 is an unknown value
RDI=0x000000006dea0ff8 is an unknown value
R8 =0x0000000000000100 is an unknown value
R9 =0x0000000000000100 is an unknown value
R10=0x000000001bb660a0 is an unknown value
R11=0x00007ffd46400000 is an unknown value
R12=0x0000000000000054 is an unknown value
R13=0x00007ffd4796d100 is an unknown value
R14=0x00007ffd478a9830 is an unknown value
R15=0x00007ffd47930690 is an unknown value


Stack: [0x0000000002470000,0x0000000002570000],  sp=0x000000000256d2b8,  free space=1012k
Native frames: (J=compiled Java code, j=interpreted, Vv=VM code, C=native code)
C  [atio6axx.dll+0x14a991e]

Java frames: (J=compiled Java code, j=interpreted, Vv=VM code)
J 10082  org.lwjgl.opengl.GL11.nglCallList(IJ)V (0 bytes) @ 0x00000000034bbfc4 [0x00000000034bbf80+0x44]
J 20072 C2 net.ccbluex.liquidbounce.ui.font.AWTFontRenderer.drawString(Ljava/lang/String;DDI)V (466 bytes) @ 0x00000000059e94fc [0x00000000059e8cc0+0x83c]
J 20856 C2 net.ccbluex.liquidbounce.ui.font.GameFontRenderer.drawText(Ljava/lang/String;FFIZZ)I (914 bytes) @ 0x0000000003c72e14 [0x0000000003c72180+0xc94]
J 16698 C2 net.ccbluex.liquidbounce.ui.font.GameFontRenderer.drawString(Ljava/lang/String;FFIZ)I (118 bytes) @ 0x0000000004c76390 [0x0000000004c75f20+0x470]
J 17323 C2 net.ccbluex.liquidbounce.injection.backend.FontRendererImpl.drawString(Ljava/lang/String;III)I (19 bytes) @ 0x00000000046523d0 [0x0000000004652360+0x70]
j  net.ccbluex.liquidbounce.ui.client.clickgui.style.styles.NewStyle.drawModuleElement(IILnet/ccbluex/liquidbounce/ui/client/clickgui/elements/ModuleElement;)V+2778
J 19276 C2 net.ccbluex.liquidbounce.ui.client.clickgui.Panel.drawScreen(IIF)V (309 bytes) @ 0x0000000005075a40 [0x00000000050753a0+0x6a0]
J 21862 C1 net.ccbluex.liquidbounce.ui.client.clickgui.ClickGui.drawScreen(IIF)V (1822 bytes) @ 0x000000000649c744 [0x0000000006493960+0x8de4]
J 20109 C2 net.ccbluex.liquidbounce.injection.backend.utils.GuiScreenWrapper.drawScreen(IIF)V (11 bytes) @ 0x0000000005dc50a8 [0x0000000005dc4e40+0x268]
J 19138 C2 net.minecraft.client.renderer.EntityRenderer.updateCameraAndRender(FJ)V (971 bytes) @ 0x0000000005be14dc [0x0000000005be05e0+0xefc]
J 19142 C2 net.minecraft.client.Minecraft.runGameLoop()V (961 bytes) @ 0x0000000004cdb7f8 [0x0000000004cda6a0+0x1158]
J 20491% C1 net.minecraft.client.Minecraft.run()V (225 bytes) @ 0x000000000453031c [0x000000000452ffc0+0x35c]
j  net.minecraft.client.main.Main.main([Ljava/lang/String;)V+1094
v  ~StubRoutines::call_stub
j  sun.reflect.NativeMethodAccessorImpl.invoke0(Ljava/lang/reflect/Method;Ljava/lang/Object;[Ljava/lang/Object;)Ljava/lang/Object;+0
j  sun.reflect.NativeMethodAccessorImpl.invoke(Ljava/lang/Object;[Ljava/lang/Object;)Ljava/lang/Object;+100
J 1648 C1 sun.reflect.DelegatingMethodAccessorImpl.invoke(Ljava/lang/Object;[Ljava/lang/Object;)Ljava/lang/Object; (10 bytes) @ 0x0000000002b24404 [0x0000000002b24300+0x104]
J 1647 C1 java.lang.reflect.Method.invoke(Ljava/lang/Object;[Ljava/lang/Object;)Ljava/lang/Object; (62 bytes) @ 0x0000000002b24bac [0x0000000002b247c0+0x3ec]
j  net.minecraft.launchwrapper.Launch.launch([Ljava/lang/String;)V+661
j  net.minecraft.launchwrapper.Launch.main([Ljava/lang/String;)V+8
v  ~StubRoutines::call_stub
j  sun.reflect.NativeMethodAccessorImpl.invoke0(Ljava/lang/reflect/Method;Ljava/lang/Object;[Ljava/lang/Object;)Ljava/lang/Object;+0
j  sun.reflect.NativeMethodAccessorImpl.invoke(Ljava/lang/Object;[Ljava/lang/Object;)Ljava/lang/Object;+100
j  sun.reflect.DelegatingMethodAccessorImpl.invoke(Ljava/lang/Object;[Ljava/lang/Object;)Ljava/lang/Object;+6
j  java.lang.reflect.Method.invoke(Ljava/lang/Object;[Ljava/lang/Object;)Ljava/lang/Object;+56
j  net.minecraftforge.gradle.GradleStartCommon.launch([Ljava/lang/String;)V+169
j  GradleStart.main([Ljava/lang/String;)V+11
v  ~StubRoutines::call_stub

---------------  P R O C E S S  ---------------

Java Threads: ( => current thread )
  0x000000001c3e4000 JavaThread "Chunk Batcher 3" daemon [_thread_blocked, id=5248, stack(0x000000005da70000,0x000000005db70000)]
  0x000000001c3e8000 JavaThread "Chunk Batcher 2" daemon [_thread_blocked, id=4924, stack(0x000000005d970000,0x000000005da70000)]
  0x000000001c3e4800 JavaThread "Chunk Batcher 1" daemon [_thread_blocked, id=3716, stack(0x000000005d870000,0x000000005d970000)]
  0x000000001c3dc000 JavaThread "Chunk Batcher 0" daemon [_thread_blocked, id=8296, stack(0x000000005d770000,0x000000005d870000)]
  0x000000001c3e3000 JavaThread "Chunk I/O Executor Thread-1" daemon [_thread_blocked, id=9092, stack(0x000000005d470000,0x000000005d570000)]
  0x000000001c3da800 JavaThread "Netty Server IO #1" daemon [_thread_in_native, id=10124, stack(0x000000004a0d0000,0x000000004a1d0000)]
  0x000000001c3dd800 JavaThread "Netty Local Client IO #0" daemon [_thread_blocked, id=11964, stack(0x0000000042030000,0x0000000042130000)]
  0x000000001c3dd000 JavaThread "Netty Server IO #0" daemon [_thread_in_native, id=1056, stack(0x000000003ffe0000,0x00000000400e0000)]
  0x000000001c3e1800 JavaThread "File IO Thread" [_thread_blocked, id=11684, stack(0x0000000000870000,0x0000000000970000)]
  0x000000001c3df000 JavaThread "Server thread" [_thread_blocked, id=1080, stack(0x0000000040e60000,0x0000000040f60000)]
  0x000000001c3db000 JavaThread "Snooper Timer" daemon [_thread_blocked, id=4176, stack(0x0000000040a40000,0x0000000040b40000)]
  0x000000001c3d9000 JavaThread "Narrator" daemon [_thread_blocked, id=7024, stack(0x00000000402e0000,0x00000000403e0000)]
  0x000000001a6cf000 JavaThread "AWT-Windows" daemon [_thread_in_native, id=10860, stack(0x0000000025e00000,0x0000000025f00000)]
  0x000000001a6cb000 JavaThread "Thread-6" [_thread_blocked, id=2100, stack(0x000000002e430000,0x000000002e530000)]
  0x000000001a6cd000 JavaThread "Thread-5" [_thread_blocked, id=11604, stack(0x000000002e130000,0x000000002e230000)]
  0x000000001c7ce800 JavaThread "LWJGL Timer" daemon [_thread_blocked, id=7192, stack(0x0000000025d00000,0x0000000025e00000)]
  0x000000001a831000 JavaThread "Java2D Disposer" daemon [_thread_blocked, id=1824, stack(0x000000001fd40000,0x000000001fe40000)]
  0x000000001eb45800 JavaThread "Timer hack thread" daemon [_thread_blocked, id=1372, stack(0x000000001b6d0000,0x000000001b7d0000)]
  0x0000000019298800 JavaThread "Snooper Timer" daemon [_thread_blocked, id=1168, stack(0x000000001b3d0000,0x000000001b4d0000)]
  0x0000000019085000 JavaThread "Service Thread" daemon [_thread_blocked, id=5012, stack(0x0000000019850000,0x0000000019950000)]
  0x0000000018c13800 JavaThread "C1 CompilerThread2" daemon [_thread_blocked, id=3928, stack(0x0000000018f50000,0x0000000019050000)]
  0x0000000018c11000 JavaThread "C2 CompilerThread1" daemon [_thread_in_native, id=7336, stack(0x0000000018e50000,0x0000000018f50000)]
  0x0000000018ba3000 JavaThread "C2 CompilerThread0" daemon [_thread_blocked, id=10688, stack(0x0000000018d50000,0x0000000018e50000)]
  0x0000000018b39000 JavaThread "Monitor Ctrl-Break" daemon [_thread_in_native, id=8964, stack(0x0000000018c50000,0x0000000018d50000)]
  0x00000000173da000 JavaThread "Attach Listener" daemon [_thread_blocked, id=4488, stack(0x0000000018750000,0x0000000018850000)]
  0x00000000173c9800 JavaThread "Signal Dispatcher" daemon [_thread_blocked, id=9920, stack(0x0000000018650000,0x0000000018750000)]
  0x000000000066a000 JavaThread "Finalizer" daemon [_thread_blocked, id=6392, stack(0x0000000018550000,0x0000000018650000)]
  0x0000000017352000 JavaThread "Reference Handler" daemon [_thread_blocked, id=1848, stack(0x0000000018450000,0x0000000018550000)]
=>0x00000000005ce800 JavaThread "Client thread" [_thread_in_native, id=10216, stack(0x0000000002470000,0x0000000002570000)]

Other Threads:
  0x000000001732e800 VMThread [stack: 0x0000000018350000,0x0000000018450000] [id=4396]
  0x00000000190fc000 WatcherThread [stack: 0x0000000019950000,0x0000000019a50000] [id=12004]

VM state:not at safepoint (normal execution)

VM Mutex/Monitor currently owned by a thread: None

heap address: 0x0000000080a00000, size: 2038 MB, Compressed Oops mode: 32-bit
Narrow klass base: 0x0000000000000000, Narrow klass shift: 3
Compressed class space size: 1073741824 Address: 0x0000000100000000

Heap:
 PSYoungGen      total 548864K, used 318556K [0x00000000d5900000, 0x0000000100000000, 0x0000000100000000)
  eden space 457728K, 49% used [0x00000000d5900000,0x00000000e3777220,0x00000000f1800000)
  from space 91136K, 99% used [0x00000000f1800000,0x00000000f709ff90,0x00000000f7100000)
  to   space 125952K, 0% used [0x00000000f8500000,0x00000000f8500000,0x0000000100000000)
 ParOldGen       total 462336K, used 434827K [0x0000000080a00000, 0x000000009cd80000, 0x00000000d5900000)
  object space 462336K, 94% used [0x0000000080a00000,0x000000009b2a2da8,0x000000009cd80000)
 Metaspace       used 74953K, capacity 75965K, committed 76416K, reserved 1116160K
  class space    used 8771K, capacity 9023K, committed 9088K, reserved 1048576K

Card table byte_map: [0x0000000011930000,0x0000000011d30000] byte_map_base: 0x000000001152b000

Marking Bits: (ParMarkBitMap*) 0x0000000066916830
 Begin Bits: [0x00000000123e0000, 0x00000000143b8000)
 End Bits:   [0x00000000143b8000, 0x0000000016390000)

Polling page: 0x00000000004e0000

CodeCache: size=245760Kb used=63530Kb max_used=63838Kb free=182229Kb
 bounds [0x0000000002570000, 0x00000000064e0000, 0x0000000011570000]
 total_blobs=15442 nmethods=14268 adapters=1082
 compilation: enabled

Compilation events (10 events):
Event: 387.598 Thread 0x0000000018c11000 21858       4       java.awt.image.BufferedImage::getRGB (231 bytes)
Event: 387.604 Thread 0x0000000018c11000 nmethod 21858 0x0000000005d19fd0 code [0x0000000005d1a140, 0x0000000005d1a7b8]
Event: 387.604 Thread 0x0000000018c11000 21861   !   4       com.sun.imageio.plugins.png.PNGImageReader::decodePass (1201 bytes)
Event: 387.610 Thread 0x0000000018c13800 21862       3       net.ccbluex.liquidbounce.ui.client.clickgui.ClickGui::drawScreen (1822 bytes)
Event: 387.623 Thread 0x0000000018c13800 nmethod 21862 0x0000000006491dd0 code [0x0000000006493960, 0x00000000064a70b8]
Event: 387.638 Thread 0x0000000018ba3000 nmethod 21847 0x00000000064b7510 code [0x00000000064b8260, 0x00000000064c0cd8]
Event: 387.639 Thread 0x0000000018ba3000 21852       4       java.awt.image.MultiPixelPackedSampleModel::getPixel (124 bytes)
Event: 387.641 Thread 0x0000000018ba3000 nmethod 21852 0x00000000044ee010 code [0x00000000044ee160, 0x00000000044ee458]
Event: 387.641 Thread 0x0000000018ba3000 21860       4       java.awt.image.Raster::getPixel (25 bytes)
Event: 387.646 Thread 0x0000000018ba3000 nmethod 21860 0x0000000003370e50 code [0x0000000003370fe0, 0x00000000033715f8]

GC Heap History (10 events):
Event: 371.513 GC heap before
{Heap before GC invocations=103 (full 8):
 PSYoungGen      total 606208K, used 597360K [0x00000000d5900000, 0x0000000100000000, 0x0000000100000000)
  eden space 532480K, 100% used [0x00000000d5900000,0x00000000f6100000,0x00000000f6100000)
  from space 73728K, 87% used [0x00000000fb800000,0x00000000ff75c220,0x0000000100000000)
  to   space 81408K, 0% used [0x00000000f6100000,0x00000000f6100000,0x00000000fb080000)
 ParOldGen       total 462336K, used 430725K [0x0000000080a00000, 0x000000009cd80000, 0x00000000d5900000)
  object space 462336K, 93% used [0x0000000080a00000,0x000000009aea1770,0x000000009cd80000)
 Metaspace       used 74918K, capacity 75901K, committed 76416K, reserved 1116160K
  class space    used 8770K, capacity 9023K, committed 9088K, reserved 1048576K
Event: 371.566 GC heap after
Heap after GC invocations=103 (full 8):
 PSYoungGen      total 605184K, used 72249K [0x00000000d5900000, 0x0000000100000000, 0x0000000100000000)
  eden space 532480K, 0% used [0x00000000d5900000,0x00000000d5900000,0x00000000f6100000)
  from space 72704K, 99% used [0x00000000f6100000,0x00000000fa78e470,0x00000000fa800000)
  to   space 89600K, 0% used [0x00000000fa880000,0x00000000fa880000,0x0000000100000000)
 ParOldGen       total 462336K, used 430918K [0x0000000080a00000, 0x000000009cd80000, 0x00000000d5900000)
  object space 462336K, 93% used [0x0000000080a00000,0x000000009aed1ac0,0x000000009cd80000)
 Metaspace       used 74918K, capacity 75901K, committed 76416K, reserved 1116160K
  class space    used 8770K, capacity 9023K, committed 9088K, reserved 1048576K
}
Event: 376.734 GC heap before
{Heap before GC invocations=104 (full 8):
 PSYoungGen      total 605184K, used 604729K [0x00000000d5900000, 0x0000000100000000, 0x0000000100000000)
  eden space 532480K, 100% used [0x00000000d5900000,0x00000000f6100000,0x00000000f6100000)
  from space 72704K, 99% used [0x00000000f6100000,0x00000000fa78e470,0x00000000fa800000)
  to   space 89600K, 0% used [0x00000000fa880000,0x00000000fa880000,0x0000000100000000)
 ParOldGen       total 462336K, used 430918K [0x0000000080a00000, 0x000000009cd80000, 0x00000000d5900000)
  object space 462336K, 93% used [0x0000000080a00000,0x000000009aed1b18,0x000000009cd80000)
 Metaspace       used 74942K, capacity 75965K, committed 76416K, reserved 1116160K
  class space    used 8770K, capacity 9023K, committed 9088K, reserved 1048576K
Event: 376.802 GC heap after
Heap after GC invocations=104 (full 8):
 PSYoungGen      total 589312K, used 75411K [0x00000000d5900000, 0x0000000100000000, 0x0000000100000000)
  eden space 499712K, 0% used [0x00000000d5900000,0x00000000d5900000,0x00000000f4100000)
  from space 89600K, 84% used [0x00000000fa880000,0x00000000ff224f58,0x0000000100000000)
  to   space 97792K, 0% used [0x00000000f4100000,0x00000000f4100000,0x00000000fa080000)
 ParOldGen       total 462336K, used 434095K [0x0000000080a00000, 0x000000009cd80000, 0x00000000d5900000)
  object space 462336K, 93% used [0x0000000080a00000,0x000000009b1ebd28,0x000000009cd80000)
 Metaspace       used 74942K, capacity 75965K, committed 76416K, reserved 1116160K
  class space    used 8770K, capacity 9023K, committed 9088K, reserved 1048576K
}
Event: 379.961 GC heap before
{Heap before GC invocations=105 (full 8):
 PSYoungGen      total 589312K, used 575123K [0x00000000d5900000, 0x0000000100000000, 0x0000000100000000)
  eden space 499712K, 100% used [0x00000000d5900000,0x00000000f4100000,0x00000000f4100000)
  from space 89600K, 84% used [0x00000000fa880000,0x00000000ff224f58,0x0000000100000000)
  to   space 97792K, 0% used [0x00000000f4100000,0x00000000f4100000,0x00000000fa080000)
 ParOldGen       total 462336K, used 434095K [0x0000000080a00000, 0x000000009cd80000, 0x00000000d5900000)
  object space 462336K, 93% used [0x0000000080a00000,0x000000009b1ebd28,0x000000009cd80000)
 Metaspace       used 74950K, capacity 75965K, committed 76416K, reserved 1116160K
  class space    used 8770K, capacity 9023K, committed 9088K, reserved 1048576K
Event: 380.023 GC heap after
Heap after GC invocations=105 (full 8):
 PSYoungGen      total 588288K, used 88106K [0x00000000d5900000, 0x0000000100000000, 0x0000000100000000)
  eden space 499712K, 0% used [0x00000000d5900000,0x00000000d5900000,0x00000000f4100000)
  from space 88576K, 99% used [0x00000000f4100000,0x00000000f970aad0,0x00000000f9780000)
  to   space 107008K, 0% used [0x00000000f9780000,0x00000000f9780000,0x0000000100000000)
 ParOldGen       total 462336K, used 434295K [0x0000000080a00000, 0x000000009cd80000, 0x00000000d5900000)
  object space 462336K, 93% used [0x0000000080a00000,0x000000009b21dd58,0x000000009cd80000)
 Metaspace       used 74950K, capacity 75965K, committed 76416K, reserved 1116160K
  class space    used 8770K, capacity 9023K, committed 9088K, reserved 1048576K
}
Event: 382.679 GC heap before
{Heap before GC invocations=106 (full 8):
 PSYoungGen      total 588288K, used 587818K [0x00000000d5900000, 0x0000000100000000, 0x0000000100000000)
  eden space 499712K, 100% used [0x00000000d5900000,0x00000000f4100000,0x00000000f4100000)
  from space 88576K, 99% used [0x00000000f4100000,0x00000000f970aad0,0x00000000f9780000)
  to   space 107008K, 0% used [0x00000000f9780000,0x00000000f9780000,0x0000000100000000)
 ParOldGen       total 462336K, used 434295K [0x0000000080a00000, 0x000000009cd80000, 0x00000000d5900000)
  object space 462336K, 93% used [0x0000000080a00000,0x000000009b21dd58,0x000000009cd80000)
 Metaspace       used 74951K, capacity 75965K, committed 76416K, reserved 1116160K
  class space    used 8770K, capacity 9023K, committed 9088K, reserved 1048576K
Event: 382.735 GC heap after
Heap after GC invocations=106 (full 8):
 PSYoungGen      total 564736K, used 91195K [0x00000000d5900000, 0x0000000100000000, 0x0000000100000000)
  eden space 457728K, 0% used [0x00000000d5900000,0x00000000d5900000,0x00000000f1800000)
  from space 107008K, 85% used [0x00000000f9780000,0x00000000ff08ef90,0x0000000100000000)
  to   space 118784K, 0% used [0x00000000f1800000,0x00000000f1800000,0x00000000f8c00000)
 ParOldGen       total 462336K, used 434574K [0x0000000080a00000, 0x000000009cd80000, 0x00000000d5900000)
  object space 462336K, 93% used [0x0000000080a00000,0x000000009b263b48,0x000000009cd80000)
 Metaspace       used 74951K, capacity 75965K, committed 76416K, reserved 1116160K
  class space    used 8770K, capacity 9023K, committed 9088K, reserved 1048576K
}
Event: 387.015 GC heap before
{Heap before GC invocations=107 (full 8):
 PSYoungGen      total 564736K, used 548923K [0x00000000d5900000, 0x0000000100000000, 0x0000000100000000)
  eden space 457728K, 100% used [0x00000000d5900000,0x00000000f1800000,0x00000000f1800000)
  from space 107008K, 85% used [0x00000000f9780000,0x00000000ff08ef90,0x0000000100000000)
  to   space 118784K, 0% used [0x00000000f1800000,0x00000000f1800000,0x00000000f8c00000)
 ParOldGen       total 462336K, used 434574K [0x0000000080a00000, 0x000000009cd80000, 0x00000000d5900000)
  object space 462336K, 93% used [0x0000000080a00000,0x000000009b263b48,0x000000009cd80000)
 Metaspace       used 74953K, capacity 75965K, committed 76416K, reserved 1116160K
  class space    used 8771K, capacity 9023K, committed 9088K, reserved 1048576K
Event: 387.070 GC heap after
Heap after GC invocations=107 (full 8):
 PSYoungGen      total 548864K, used 90751K [0x00000000d5900000, 0x0000000100000000, 0x0000000100000000)
  eden space 457728K, 0% used [0x00000000d5900000,0x00000000d5900000,0x00000000f1800000)
  from space 91136K, 99% used [0x00000000f1800000,0x00000000f709ff90,0x00000000f7100000)
  to   space 125952K, 0% used [0x00000000f8500000,0x00000000f8500000,0x0000000100000000)
 ParOldGen       total 462336K, used 434827K [0x0000000080a00000, 0x000000009cd80000, 0x00000000d5900000)
  object space 462336K, 94% used [0x0000000080a00000,0x000000009b2a2da8,0x000000009cd80000)
 Metaspace       used 74953K, capacity 75965K, committed 76416K, reserved 1116160K
  class space    used 8771K, capacity 9023K, committed 9088K, reserved 1048576K
}

Deoptimization events (10 events):
Event: 387.484 Thread 0x00000000005ce800 Uncommon trap: reason=bimorphic action=maybe_recompile pc=0x0000000003dec020 method=java.awt.image.Raster.<init>(Ljava/awt/image/SampleModel;Ljava/awt/image/DataBuffer;Ljava/awt/Rectangle;Ljava/awt/Point;Ljava/awt/image/Raster;)V @ 207
Event: 387.485 Thread 0x00000000005ce800 Uncommon trap: reason=bimorphic action=maybe_recompile pc=0x0000000003dec020 method=java.awt.image.Raster.<init>(Ljava/awt/image/SampleModel;Ljava/awt/image/DataBuffer;Ljava/awt/Rectangle;Ljava/awt/Point;Ljava/awt/image/Raster;)V @ 207
Event: 387.485 Thread 0x00000000005ce800 Uncommon trap: reason=unstable_if action=reinterpret pc=0x0000000002bb59ec method=java.awt.image.MultiPixelPackedSampleModel.getPixel(II[ILjava/awt/image/DataBuffer;)[I @ 35
Event: 387.485 Thread 0x00000000005ce800 Uncommon trap: reason=class_check action=maybe_recompile pc=0x00000000031ac53c method=com.sun.imageio.plugins.png.PNGImageReader.decodePass(IIIIIII)V @ 477
Event: 387.491 Thread 0x00000000005ce800 Uncommon trap: reason=bimorphic action=maybe_recompile pc=0x00000000037a80f8 method=java.awt.image.BufferedImage.getRGB(IIII[III)[I @ 202
Event: 387.510 Thread 0x00000000005ce800 Uncommon trap: reason=class_check action=maybe_recompile pc=0x00000000031ac53c method=com.sun.imageio.plugins.png.PNGImageReader.decodePass(IIIIIII)V @ 477
Event: 387.520 Thread 0x00000000005ce800 Uncommon trap: reason=class_check action=maybe_recompile pc=0x00000000031ac53c method=com.sun.imageio.plugins.png.PNGImageReader.decodePass(IIIIIII)V @ 477
Event: 387.527 Thread 0x00000000005ce800 Uncommon trap: reason=unstable_if action=reinterpret pc=0x000000000550f3d0 method=java.awt.image.MultiPixelPackedSampleModel.getPixel(II[ILjava/awt/image/DataBuffer;)[I @ 35
Event: 387.609 Thread 0x00000000005ce800 Uncommon trap: reason=unstable_if action=reinterpret pc=0x0000000005d6d808 method=net.ccbluex.liquidbounce.ui.client.clickgui.Panel.updateFade(I)V @ 16
Event: 387.640 Thread 0x00000000005ce800 Uncommon trap: reason=class_check action=maybe_recompile pc=0x0000000005596e5c method=net.ccbluex.liquidbounce.ui.client.clickgui.style.styles.NewStyle.drawModuleElement(IILnet/ccbluex/liquidbounce/ui/client/clickgui/elements/ModuleElement;)V @ 173

Classes redefined (0 events):
No events

Internal exceptions (10 events):
Event: 387.422 Thread 0x000000001a6cd000 Exception <a 'java/lang/InterruptedException': sleep interrupted> (0x00000000d7596608) thrown at [C:\wsjdk\Corretto8Src\installers\windows\zip\corretto-build\buildRoot\hotspot\src\share\vm\prims\jvm.cpp, line 3374]
Event: 387.428 Thread 0x000000001a6cd000 Exception <a 'java/lang/InterruptedException': sleep interrupted> (0x00000000d7596860) thrown at [C:\wsjdk\Corretto8Src\installers\windows\zip\corretto-build\buildRoot\hotspot\src\share\vm\prims\jvm.cpp, line 3374]
Event: 387.434 Thread 0x000000001a6cd000 Exception <a 'java/lang/InterruptedException': sleep interrupted> (0x00000000d7596ab8) thrown at [C:\wsjdk\Corretto8Src\installers\windows\zip\corretto-build\buildRoot\hotspot\src\share\vm\prims\jvm.cpp, line 3374]
Event: 387.440 Thread 0x000000001a6cd000 Exception <a 'java/lang/InterruptedException': sleep interrupted> (0x00000000d77624a0) thrown at [C:\wsjdk\Corretto8Src\installers\windows\zip\corretto-build\buildRoot\hotspot\src\share\vm\prims\jvm.cpp, line 3374]
Event: 387.446 Thread 0x000000001a6cd000 Exception <a 'java/lang/InterruptedException': sleep interrupted> (0x00000000d77626f8) thrown at [C:\wsjdk\Corretto8Src\installers\windows\zip\corretto-build\buildRoot\hotspot\src\share\vm\prims\jvm.cpp, line 3374]
Event: 387.453 Thread 0x000000001a6cd000 Exception <a 'java/lang/InterruptedException': sleep interrupted> (0x00000000d7762950) thrown at [C:\wsjdk\Corretto8Src\installers\windows\zip\corretto-build\buildRoot\hotspot\src\share\vm\prims\jvm.cpp, line 3374]
Event: 387.463 Thread 0x000000001a6cd000 Exception <a 'java/lang/InterruptedException': sleep interrupted> (0x00000000d7762ba8) thrown at [C:\wsjdk\Corretto8Src\installers\windows\zip\corretto-build\buildRoot\hotspot\src\share\vm\prims\jvm.cpp, line 3374]
Event: 387.485 Thread 0x00000000005ce800 Implicit null exception at 0x0000000002bb583c to 0x0000000002bb59c9
Event: 387.527 Thread 0x00000000005ce800 Implicit null exception at 0x000000000550ef3f to 0x000000000550f3b1
Event: 387.633 Thread 0x000000001a6cd000 Exception <a 'java/lang/InterruptedException': sleep interrupted> (0x00000000d7762e00) thrown at [C:\wsjdk\Corretto8Src\installers\windows\zip\corretto-build\buildRoot\hotspot\src\share\vm\prims\jvm.cpp, line 3374]

Events (10 events):
Event: 387.598 Thread 0x00000000005ce800 DEOPT PACKING pc=0x000000000585eec8 sp=0x000000000256cfd0
Event: 387.598 Thread 0x00000000005ce800 DEOPT UNPACKING pc=0x00000000025b75d0 sp=0x000000000256d048 mode 0
Event: 387.600 Thread 0x00000000005ce800 DEOPT PACKING pc=0x0000000004e35d9d sp=0x000000000256d5e0
Event: 387.600 Thread 0x00000000005ce800 DEOPT UNPACKING pc=0x00000000025b75d0 sp=0x000000000256d388 mode 0
Event: 387.609 Thread 0x00000000005ce800 Uncommon trap: trap_request=0xffffff65 fr.pc=0x0000000005d6d808
Event: 387.609 Thread 0x00000000005ce800 DEOPT PACKING pc=0x0000000005d6d808 sp=0x000000000256dfd0
Event: 387.609 Thread 0x00000000005ce800 DEOPT UNPACKING pc=0x00000000025b557b sp=0x000000000256df70 mode 2
Event: 387.640 Thread 0x00000000005ce800 Uncommon trap: trap_request=0xffffffde fr.pc=0x0000000005596e5c
Event: 387.640 Thread 0x00000000005ce800 DEOPT PACKING pc=0x0000000005596e5c sp=0x000000000256da50
Event: 387.640 Thread 0x00000000005ce800 DEOPT UNPACKING pc=0x00000000025b557b sp=0x000000000256da38 mode 2


Dynamic libraries:
0x00007ff676ef0000 - 0x00007ff676f2a000 	C:\Users\Administrator\.jdks\corretto-1.8.0_362\bin\java.exe
0x00007ffd9c4d0000 - 0x00007ffd9c6c5000 	C:\Windows\SYSTEM32\ntdll.dll
0x00007ffd9b970000 - 0x00007ffd9ba2d000 	C:\Windows\System32\KERNEL32.DLL
0x00007ffd9a210000 - 0x00007ffd9a4d9000 	C:\Windows\System32\KERNELBASE.dll
0x00007ffd9a830000 - 0x00007ffd9a8dc000 	C:\Windows\System32\ADVAPI32.dll
0x00007ffd9b1e0000 - 0x00007ffd9b27e000 	C:\Windows\System32\msvcrt.dll
0x00007ffd9a600000 - 0x00007ffd9a69c000 	C:\Windows\System32\sechost.dll
0x00007ffd9b7e0000 - 0x00007ffd9b90b000 	C:\Windows\System32\RPCRT4.dll
0x00007ffd9b280000 - 0x00007ffd9b420000 	C:\Windows\System32\USER32.dll
0x00007ffd99e90000 - 0x00007ffd99eb2000 	C:\Windows\System32\win32u.dll
0x00007ffd9be30000 - 0x00007ffd9be5a000 	C:\Windows\System32\GDI32.dll
0x00007ffd99ec0000 - 0x00007ffd99fcb000 	C:\Windows\System32\gdi32full.dll
0x00007ffd99cc0000 - 0x00007ffd99d5d000 	C:\Windows\System32\msvcp_win.dll
0x00007ffd99d90000 - 0x00007ffd99e90000 	C:\Windows\System32\ucrtbase.dll
0x00007ffd83220000 - 0x00007ffd834ba000 	C:\Windows\WinSxS\amd64_microsoft.windows.common-controls_6595b64144ccf1df_6.0.19041.844_none_ca00b6081b84eb1d\COMCTL32.dll
0x00007ffd9bda0000 - 0x00007ffd9bdd0000 	C:\Windows\System32\IMM32.DLL
0x00007ffd65080000 - 0x00007ffd6516f000 	C:\Users\Administrator\.jdks\corretto-1.8.0_362\jre\bin\msvcr120.dll
0x00007ffd64fd0000 - 0x00007ffd65076000 	C:\Users\Administrator\.jdks\corretto-1.8.0_362\jre\bin\msvcp120.dll
0x0000000066120000 - 0x0000000066995000 	C:\Users\Administrator\.jdks\corretto-1.8.0_362\jre\bin\server\jvm.dll
0x00007ffd9b540000 - 0x00007ffd9b548000 	C:\Windows\System32\PSAPI.DLL
0x00007ffd894d0000 - 0x00007ffd894d9000 	C:\Windows\SYSTEM32\WSOCK32.dll
0x00007ffd90ee0000 - 0x00007ffd90f07000 	C:\Windows\SYSTEM32\WINMM.dll
0x00007ffd90ed0000 - 0x00007ffd90eda000 	C:\Windows\SYSTEM32\VERSION.dll
0x00007ffd9c2d0000 - 0x00007ffd9c33b000 	C:\Windows\System32\WS2_32.dll
0x00007ffd8abb0000 - 0x00007ffd8abbf000 	C:\Users\Administrator\.jdks\corretto-1.8.0_362\jre\bin\verify.dll
0x00007ffd8ab80000 - 0x00007ffd8aba9000 	C:\Users\Administrator\.jdks\corretto-1.8.0_362\jre\bin\java.dll
0x00007ffd8eb20000 - 0x00007ffd8eb4a000 	C:\Users\Administrator\.jdks\corretto-1.8.0_362\jre\bin\instrument.dll
0x00007ffd81bb0000 - 0x00007ffd81bc6000 	C:\Users\Administrator\.jdks\corretto-1.8.0_362\jre\bin\zip.dll
0x00007ffd9a8e0000 - 0x00007ffd9b022000 	C:\Windows\System32\SHELL32.dll
0x00007ffd97d90000 - 0x00007ffd98520000 	C:\Windows\SYSTEM32\windows.storage.dll
0x00007ffd9ba40000 - 0x00007ffd9bd95000 	C:\Windows\System32\combase.dll
0x00007ffd99680000 - 0x00007ffd996ac000 	C:\Windows\SYSTEM32\Wldp.dll
0x00007ffd9b130000 - 0x00007ffd9b1de000 	C:\Windows\System32\SHCORE.dll
0x00007ffd9a7d0000 - 0x00007ffd9a825000 	C:\Windows\System32\shlwapi.dll
0x00007ffd99b50000 - 0x00007ffd99b6f000 	C:\Windows\SYSTEM32\profapi.dll
0x00007ffd95140000 - 0x00007ffd9515a000 	E:\IntelliJ IDEA 2022.3.1\bin\breakgen64.dll
0x00007ffd81b90000 - 0x00007ffd81baa000 	C:\Users\Administrator\.jdks\corretto-1.8.0_362\jre\bin\net.dll
0x00007ffd99400000 - 0x00007ffd9946a000 	C:\Windows\system32\mswsock.dll
0x00007ffd95890000 - 0x00007ffd9589d000 	C:\Users\Administrator\.jdks\corretto-1.8.0_362\jre\bin\management.dll
0x00007ffd7c9f0000 - 0x00007ffd7ca07000 	C:\Windows\system32\napinsp.dll
0x00007ffd7c850000 - 0x00007ffd7c86b000 	C:\Windows\system32\pnrpnsp.dll
0x00007ffd82a80000 - 0x00007ffd82a95000 	C:\Windows\system32\wshbth.dll
0x00007ffd95700000 - 0x00007ffd9571d000 	C:\Windows\system32\NLAapi.dll
0x00007ffd99080000 - 0x00007ffd990bb000 	C:\Windows\SYSTEM32\IPHLPAPI.DLL
0x00007ffd990f0000 - 0x00007ffd991bb000 	C:\Windows\SYSTEM32\DNSAPI.dll
0x00007ffd9ba30000 - 0x00007ffd9ba38000 	C:\Windows\System32\NSI.dll
0x00007ffd7c820000 - 0x00007ffd7c832000 	C:\Windows\System32\winrnr.dll
0x00007ffd8a0a0000 - 0x00007ffd8a0aa000 	C:\Windows\System32\rasadhlp.dll
0x00007ffd8ed80000 - 0x00007ffd8edff000 	C:\Windows\System32\fwpuclnt.dll
0x00007ffd99d60000 - 0x00007ffd99d87000 	C:\Windows\System32\bcrypt.dll
0x00007ffd81b70000 - 0x00007ffd81b82000 	C:\Users\Administrator\.jdks\corretto-1.8.0_362\jre\bin\nio.dll
0x00007ffd995d0000 - 0x00007ffd995e8000 	C:\Windows\SYSTEM32\CRYPTSP.dll
0x00007ffd98cd0000 - 0x00007ffd98d04000 	C:\Windows\system32\rsaenh.dll
0x00007ffd99b10000 - 0x00007ffd99b3e000 	C:\Windows\SYSTEM32\USERENV.dll
0x00007ffd99fd0000 - 0x00007ffd9a050000 	C:\Windows\System32\bcryptprimitives.dll
0x00007ffd995f0000 - 0x00007ffd995fc000 	C:\Windows\SYSTEM32\CRYPTBASE.dll
0x00007ffd92b00000 - 0x00007ffd92b17000 	C:\Windows\SYSTEM32\dhcpcsvc6.DLL
0x00007ffd92bb0000 - 0x00007ffd92bcd000 	C:\Windows\SYSTEM32\dhcpcsvc.DLL
0x0000000180000000 - 0x0000000180053000 	C:\Users\Administrator\.gradle\caches\minecraft\net\minecraft\natives\1.12.2\lwjgl64.dll
0x00007ffd54680000 - 0x00007ffd547a6000 	C:\Windows\SYSTEM32\OPENGL32.dll
0x00007ffd540a0000 - 0x00007ffd540cc000 	C:\Windows\SYSTEM32\GLU32.dll
0x00007ffd84930000 - 0x00007ffd84ac6000 	C:\Users\Administrator\.jdks\corretto-1.8.0_362\jre\bin\awt.dll
0x00007ffd9a530000 - 0x00007ffd9a5fd000 	C:\Windows\System32\OLEAUT32.dll
0x00007ffd97500000 - 0x00007ffd97590000 	C:\Windows\SYSTEM32\apphelp.dll
0x00007ffd92c80000 - 0x00007ffd92d2e000 	C:\Windows\SYSTEM32\mscms.dll
0x00007ffd92c60000 - 0x00007ffd92c71000 	C:\Windows\SYSTEM32\ColorAdapterClient.dll
0x00007ffd97b90000 - 0x00007ffd97ba2000 	C:\Windows\SYSTEM32\kernel.appcore.dll
0x00007ffd9a720000 - 0x00007ffd9a7c9000 	C:\Windows\System32\clbcatq.dll
0x00007ffd88990000 - 0x00007ffd889d3000 	C:\Windows\System32\Windows.Internal.Graphics.Display.DisplayColorManagement.dll
0x00007ffd9a4e0000 - 0x00007ffd9a52e000 	C:\Windows\System32\cfgmgr32.dll
0x00007ffd976d0000 - 0x00007ffd9776e000 	C:\Windows\system32\uxtheme.dll
0x00007ffd9b420000 - 0x00007ffd9b535000 	C:\Windows\System32\MSCTF.dll
0x00007ffd8d620000 - 0x00007ffd8d71b000 	C:\Windows\SYSTEM32\textinputframework.dll
0x00007ffd96e90000 - 0x00007ffd971ee000 	C:\Windows\System32\CoreUIComponents.dll
0x00007ffd98960000 - 0x00007ffd98993000 	C:\Windows\SYSTEM32\ntmarta.dll
0x00007ffd95b30000 - 0x00007ffd95c84000 	C:\Windows\SYSTEM32\wintypes.dll
0x00007ffd971f0000 - 0x00007ffd972e2000 	C:\Windows\System32\CoreMessaging.dll
0x00007ffd93da0000 - 0x00007ffd93e9a000 	C:\Windows\System32\AppXDeploymentClient.dll
0x00007ffd65e40000 - 0x00007ffd65e6b000 	C:\Windows\System32\DriverStore\FileRepository\u0366400.inf_amd64_4021c2cb607d5b92\B366217\atig6pxx.dll
0x00007ffd46400000 - 0x00007ffd491ea000 	C:\Windows\System32\DriverStore\FileRepository\u0366400.inf_amd64_4021c2cb607d5b92\B366217\atio6axx.dll
0x00007ffd9be60000 - 0x00007ffd9c2c9000 	C:\Windows\System32\SETUPAPI.dll
0x00007ffd9c340000 - 0x00007ffd9c46a000 	C:\Windows\System32\ole32.dll
0x00007ffd76120000 - 0x00007ffd76144000 	C:\Windows\SYSTEM32\dxva2.dll
0x00007ffd979b0000 - 0x00007ffd979df000 	C:\Windows\SYSTEM32\dwmapi.dll
0x00007ffd7d220000 - 0x00007ffd7d25c000 	C:\Windows\System32\DriverStore\FileRepository\u0366400.inf_amd64_4021c2cb607d5b92\B366217\atig6txx.dll
0x00007ffd53ee0000 - 0x00007ffd54093000 	C:\Windows\SYSTEM32\atiadlxx.dll
0x00007ffd95720000 - 0x00007ffd95817000 	C:\Windows\SYSTEM32\PROPSYS.dll
0x00007ffd81450000 - 0x00007ffd81499000 	C:\Windows\SYSTEM32\pdh.dll
0x00007ffd999c0000 - 0x00007ffd999ec000 	C:\Windows\SYSTEM32\DEVOBJ.dll
0x00007ffd9a1b0000 - 0x00007ffd9a210000 	C:\Windows\System32\WINTRUST.dll
0x00007ffd9a050000 - 0x00007ffd9a1af000 	C:\Windows\System32\CRYPT32.dll
0x00007ffd99800000 - 0x00007ffd99812000 	C:\Windows\SYSTEM32\MSASN1.dll
0x00007ffd910f0000 - 0x00007ffd9112b000 	C:\Windows\SYSTEM32\dxcore.dll
0x00007ffd889e0000 - 0x00007ffd88a23000 	C:\Windows\SYSTEM32\icm32.dll
0x00007ffd80730000 - 0x00007ffd80772000 	C:\Users\Administrator\AppData\Local\Temp\jna-146731693\jna2525967784339074022.dll
0x000000001fe50000 - 0x000000001feb4000 	C:\Users\Administrator\.gradle\caches\minecraft\net\minecraft\natives\1.12.2\OpenAL64.dll
0x00007ffd8ac70000 - 0x00007ffd8acf5000 	C:\Windows\System32\MMDevApi.dll
0x00007ffd8a0b0000 - 0x00007ffd8a14c000 	C:\Windows\SYSTEM32\dsound.dll
0x00007ffd991c0000 - 0x00007ffd9920b000 	C:\Windows\SYSTEM32\powrprof.dll
0x00007ffd84b70000 - 0x00007ffd84b96000 	C:\Windows\SYSTEM32\winmmbase.dll
0x00007ffd990c0000 - 0x00007ffd990d2000 	C:\Windows\SYSTEM32\UMPDC.dll
0x00007ffd854b0000 - 0x00007ffd85635000 	C:\Windows\SYSTEM32\AUDIOSES.DLL
0x00007ffd977b0000 - 0x00007ffd977c4000 	C:\Windows\SYSTEM32\resourcepolicyclient.dll
0x00007ffd8e8f0000 - 0x00007ffd8e913000 	C:\Users\Administrator\.jdks\corretto-1.8.0_362\jre\bin\sunec.dll
0x00007ffd95850000 - 0x00007ffd9585c000 	C:\Users\Administrator\.jdks\corretto-1.8.0_362\jre\bin\sunmscapi.dll
0x00007ffd996f0000 - 0x00007ffd99717000 	C:\Windows\SYSTEM32\ncrypt.dll
0x00007ffd996b0000 - 0x00007ffd996eb000 	C:\Windows\SYSTEM32\NTASN1.dll
0x00007ffd7ccd0000 - 0x00007ffd7cd76000 	C:\Users\Administrator\.jdks\corretto-1.8.0_362\jre\bin\freetype.dll
0x00007ffd806e0000 - 0x00007ffd8072b000 	C:\Users\Administrator\.jdks\corretto-1.8.0_362\jre\bin\fontmanager.dll
0x00007ffd5bb30000 - 0x00007ffd5bcff000 	C:\Windows\system32\d3d9.dll
0x00007ffd90f10000 - 0x00007ffd910eb000 	C:\Windows\System32\DriverStore\FileRepository\u0366400.inf_amd64_4021c2cb607d5b92\B366217\aticfx64.dll
0x00007ffd65e70000 - 0x00007ffd65ea3000 	C:\Windows\System32\DriverStore\FileRepository\u0366400.inf_amd64_4021c2cb607d5b92\B366217\atiu9p64.dll
0x00007ffd43f60000 - 0x00007ffd44cba000 	C:\Windows\System32\DriverStore\FileRepository\u0366400.inf_amd64_4021c2cb607d5b92\B366217\atiumd64.dll
0x00007ffd8dd20000 - 0x00007ffd8df04000 	C:\Windows\SYSTEM32\dbghelp.dll
0x00007ffd88a70000 - 0x00007ffd88a9c000 	C:\Windows\SYSTEM32\dbgcore.DLL
0x0000000066ca0000 - 0x0000000067b6b000 	C:\Windows\System32\DriverStore\FileRepository\u0366400.inf_amd64_4021c2cb607d5b92\B366217\atiumd6a.dll
0x00007ffd8eee0000 - 0x00007ffd8ef10000 	C:\Windows\SYSTEM32\amdihk64.dll
0x00007ffd93ca0000 - 0x00007ffd93cba000 	C:\Users\Administrator\.gradle\caches\minecraft\net\minecraft\natives\1.12.2\SAPIWrapper_x64.dll
0x00007ffd8bde0000 - 0x00007ffd8bfce000 	C:\Windows\system32\urlmon.dll
0x00007ffd8c110000 - 0x00007ffd8c3c0000 	C:\Windows\SYSTEM32\iertutil.dll

VM Arguments:
jvm_args: -Dfml.coreMods.load=net.ccbluex.liquidbounce.injection.forge.MixinLoader -javaagent:E:\IntelliJ IDEA 2022.3.1\lib\idea_rt.jar=62437:E:\IntelliJ IDEA 2022.3.1\bin -Dfile.encoding=UTF-8 
java_command: GradleStart
java_class_path (initial): C:\Users\Administrator\.jdks\corretto-1.8.0_362\jre\lib\charsets.jar;C:\Users\Administrator\.jdks\corretto-1.8.0_362\jre\lib\ext\access-bridge-64.jar;C:\Users\Administrator\.jdks\corretto-1.8.0_362\jre\lib\ext\cldrdata.jar;C:\Users\Administrator\.jdks\corretto-1.8.0_362\jre\lib\ext\dnsns.jar;C:\Users\Administrator\.jdks\corretto-1.8.0_362\jre\lib\ext\jaccess.jar;C:\Users\Administrator\.jdks\corretto-1.8.0_362\jre\lib\ext\jfxrt.jar;C:\Users\Administrator\.jdks\corretto-1.8.0_362\jre\lib\ext\localedata.jar;C:\Users\Administrator\.jdks\corretto-1.8.0_362\jre\lib\ext\nashorn.jar;C:\Users\Administrator\.jdks\corretto-1.8.0_362\jre\lib\ext\sunec.jar;C:\Users\Administrator\.jdks\corretto-1.8.0_362\jre\lib\ext\sunjce_provider.jar;C:\Users\Administrator\.jdks\corretto-1.8.0_362\jre\lib\ext\sunmscapi.jar;C:\Users\Administrator\.jdks\corretto-1.8.0_362\jre\lib\ext\sunpkcs11.jar;C:\Users\Administrator\.jdks\corretto-1.8.0_362\jre\lib\ext\zipfs.jar;C:\Users\Administrator\.jdks\corretto-1.8.0_362\jre\lib\jce.jar;C:\Users\Administrator\.jdks\corretto-1.8.0_362\jre\lib\jfr.jar;C:\Users\Administrator\.jdks\corretto-1.8.0_362\jre\lib\jfxswt.jar;C:\Users\Administrator\.jdks\corretto-1.8.0_362\jre\lib\jsse.jar;C:\Users\Administrator\.jdks\corretto-1.8.0_362\jre\lib\management-agent.jar;C:\Users\Administrator\.jdks\corretto-1.8.0_362\jre\lib\resources.jar;C:\Users\Administrator\.jdks\corretto-1.8.0_362\jre\lib\rt.jar;D:\New\1\Infrared\1.12.2-Forge\build\classes\java\main;D:\New\1\Infrared\1.12.2-Forge\build\classes\kotlin\main;D:\New\1\Infrared\1.12.2-Forge\build\resources\main;D:\New\1\Infrared\1.12.2-Forge\libs\API-Java-master-SNAPSHOT.jar;C:\Users\Administrator\.gradle\caches\minecraft\deobfedDeps\compileDummy.jar;C:\Users\Administrator\.gradle\caches\minecraft\deobfedDeps\providedDummy.jar;C:\Users\Administrator\.gradle\caches\modules-2\files-2.1\org.spongepowered\mixin\0.8\dbe9e5db694a7c3cd644d5bb98f8a21295c75048\mixin-0.8.jar;C:\Users\Administrator\.gr
Launcher Type: SUN_STANDARD

Environment Variables:
JAVA_HOME=C:\Program Files\Java\jdk1.8.0_311
PATH=C:\Program Files (x86)\Common Files\Oracle\Java\javapath;C:\Windows\system32;C:\Windows;C:\Windows\System32\Wbem;C:\Windows\System32\WindowsPowerShell\v1.0\;C:\Windows\System32\OpenSSH\;C:\gradle\gradle-7.6\bin;C:\gradle\apache-maven-3.6.3\bin;C:\Program Files\Java\jdk1.8.0_311\bin;C:\Users\Administrator\AppData\Local\Microsoft\WindowsApps;E:\QQ游戏\QQGameTempest\Hall.57938\;;E:\IntelliJ IDEA 2022.3.1\bin;
USERNAME=Administrator
OS=Windows_NT
PROCESSOR_IDENTIFIER=Intel64 Family 6 Model 158 Stepping 9, GenuineIntel



---------------  S Y S T E M  ---------------

OS: Windows 10 , 64 bit Build 19041 (10.0.19041.804)

CPU:total 4 (initial active 4) (4 cores per cpu, 1 threads per core) family 6 model 158 stepping 9, cmov, cx8, fxsr, mmx, sse, sse2, sse3, ssse3, sse4.1, sse4.2, popcnt, avx, avx2, aes, clmul, erms, 3dnowpref, lzcnt, tsc, tscinvbit, bmi1, bmi2, adx

Memory: 4k page, physical 8347600k(1055784k free), swap 18833360k(2747128k free)

vm_info: OpenJDK 64-Bit Server VM (25.362-b08) for windows-amd64 JRE (1.8.0_362-b08), built on Jan 13 2023 13:30:12 by "Administrator" with MS VC++ 12.0 (VS2013)

time: Sat Apr 08 14:42:28 2023
timezone: 中国标准时间
elapsed time: 387.769357 seconds (0d 0h 6m 27s)

